<?xml version="1.0" encoding="UTF-8"?>
<!-- Generated by org.testng.reporters.JUnitReportReporter -->
<testsuite hostname="Lisandros-MacBook-Pro.local" failures="0" tests="1" name="com_test.comscope.TestPrintLink" time="19.563" errors="0" timestamp="2021-12-02T09:26:17 CST" skipped="0">
  <testcase classname="com_test.comscope.TestPrintLink" name="printLinks" time="19.563"/>
  <system-out/>
</testsuite> <!-- com_test.comscope.TestPrintLink -->
