<?xml version="1.0" encoding="UTF-8"?>
<!-- Generated by org.testng.reporters.JUnitReportReporter -->
<testsuite hostname="Lisandros-MacBook-Pro.local" failures="0" tests="1" name="com_test.comscope.TestPrintLink" time="15.237" errors="0" timestamp="2021-12-01T16:50:21 CST" skipped="0">
  <testcase classname="com_test.comscope.TestPrintLink" name="printLinks" time="15.237"/>
  <system-out/>
</testsuite> <!-- com_test.comscope.TestPrintLink -->
