<?xml version="1.0" encoding="UTF-8"?>
<!-- Generated by org.testng.reporters.JUnitReportReporter -->
<testsuite hostname="Lisandros-MacBook-Pro.local" failures="0" tests="1" name="com_test.comscope.TestPrintLink" time="7.048" errors="0" timestamp="02 Dec 2021 15:43:22 GMT" skipped="0">
  <testcase classname="com_test.comscope.TestPrintLink" name="printLinks" time="7.048"/>
</testsuite> <!-- com_test.comscope.TestPrintLink -->
